2022-08-03 11:48:31 Modified Directory: ../mysite\pylogging\logs
2022-08-03 11:48:31 Modified Directory: ../mysite\pylogging\logs
2022-08-03 11:48:31 Modified Directory: ../mysite\pylogging\logs
2022-08-03 11:48:31 Modified Directory: ../mysite\pylogging\logs
2022-08-03 11:48:36 Modified Directory: ../mysite\pylogging\logs
2022-08-03 11:48:36 Modified Directory: ../mysite\pylogging\logs
2022-08-03 13:39:15 Modified Directory: ../mysite
2022-08-03 13:39:15 Modified Directory: ../mysite
2022-08-03 13:39:15 Modified Directory: ../mysite\mysite
2022-08-03 13:39:15 Modified Directory: ../mysite\mysite
2022-08-03 13:39:15 Modified Directory: ../mysite\mysite\__pycache__
2022-08-03 13:39:15 Modified Directory: ../mysite\mysite\__pycache__
2022-08-03 13:39:15 Modified Directory: ../mysite\polls
2022-08-03 13:39:15 Modified Directory: ../mysite\polls
2022-08-03 13:39:15 Modified Directory: ../mysite\polls\__pycache__
2022-08-03 13:39:15 Modified Directory: ../mysite\polls\__pycache__
2022-08-03 13:39:15 Modified Directory: ../mysite\polls\migrations
2022-08-03 13:39:15 Modified Directory: ../mysite\polls\migrations
2022-08-03 13:39:15 Modified Directory: ../mysite\pylogging
2022-08-03 13:39:15 Modified Directory: ../mysite\pylogging
2022-08-03 13:39:15 Modified Directory: ../mysite\pylogging\logs
2022-08-03 13:39:15 Modified Directory: ../mysite\pylogging\logs
2022-08-03 13:39:15 Modified File: ../mysite\polls\test2.txt
2022-08-03 13:39:15 Modified File: ../mysite\polls\test2.txt
2022-08-03 14:00:57 Modified File: ../mysite\pylogging\outbound_logger.py
2022-08-03 14:00:57 Modified Directory: ../mysite\pylogging\logs
2022-08-03 14:00:57 Modified Directory: ../mysite\pylogging\logs
2022-08-03 14:00:57 Modified Directory: ../mysite\pylogging
2022-08-03 14:00:57 Modified Directory: ../mysite\pylogging
2022-08-03 14:09:12 Modified File: ../mysite\pylogging\outbound_logger.py
2022-08-03 14:09:12 Modified File: ../mysite\pylogging\outbound_logger.py
2022-08-03 14:09:12 Modified File: ../mysite\pylogging\outbound_logger.py
2022-08-03 14:09:12 Modified File: ../mysite\pylogging\outbound_logger.py
2022-08-03 14:09:12 Modified File: ../mysite\pylogging\outbound_logger.py
2022-08-03 14:09:12 Modified File: ../mysite\pylogging\outbound_logger.py
2022-08-03 14:09:16 Modified File: ../mysite\pylogging\outbound_logger.py
2022-08-03 14:09:16 Modified File: ../mysite\pylogging\outbound_logger.py
2022-08-03 14:09:16 Modified File: ../mysite\pylogging\outbound_logger.py
2022-08-03 14:09:16 Modified File: ../mysite\pylogging\outbound_logger.py
2022-08-03 14:09:16 Modified File: ../mysite\pylogging\outbound_logger.py
2022-08-03 14:09:16 Modified File: ../mysite\pylogging\outbound_logger.py
2022-08-03 14:09:51 Modified File: ../mysite\pylogging\outbound_logger.py
2022-08-03 14:09:51 Modified File: ../mysite\pylogging\outbound_logger.py
2022-08-03 14:09:51 Modified File: ../mysite\pylogging\outbound_logger.py
2022-08-03 14:09:51 Modified File: ../mysite\pylogging\outbound_logger.py
2022-08-03 14:09:51 Modified File: ../mysite\pylogging\outbound_logger.py
2022-08-03 14:09:51 Modified File: ../mysite\pylogging\outbound_logger.py
2022-08-03 14:09:56 Modified File: ../mysite\pylogging\outbound_logger.py
2022-08-03 14:09:56 Modified File: ../mysite\pylogging\outbound_logger.py
2022-08-03 14:09:56 Modified File: ../mysite\pylogging\outbound_logger.py
2022-08-03 14:09:56 Modified File: ../mysite\pylogging\outbound_logger.py
2022-08-03 14:09:56 Modified File: ../mysite\pylogging\outbound_logger.py
2022-08-03 14:10:00 Modified File: ../mysite\pylogging\outbound_logger.py
2022-08-03 14:10:00 Modified File: ../mysite\pylogging\outbound_logger.py
2022-08-03 14:10:00 Modified File: ../mysite\pylogging\outbound_logger.py
2022-08-03 14:10:00 Modified File: ../mysite\pylogging\outbound_logger.py
2022-08-03 14:10:00 Modified File: ../mysite\pylogging\outbound_logger.py
2022-08-03 14:10:00 Modified File: ../mysite\pylogging\outbound_logger.py
2022-08-03 14:10:02 Modified File: ../mysite\pylogging\outbound_logger.py
2022-08-03 14:10:02 Modified File: ../mysite\pylogging\outbound_logger.py
2022-08-03 14:10:02 Modified File: ../mysite\pylogging\outbound_logger.py
2022-08-03 14:10:02 Modified File: ../mysite\pylogging\outbound_logger.py
2022-08-03 14:10:02 Modified File: ../mysite\pylogging\outbound_logger.py
2022-08-03 14:10:02 Modified File: ../mysite\pylogging\outbound_logger.py
2022-08-03 14:10:04 Modified File: ../mysite\pylogging\outbound_logger.py
2022-08-03 14:10:04 Modified File: ../mysite\pylogging\outbound_logger.py
2022-08-03 14:10:04 Modified File: ../mysite\pylogging\outbound_logger.py
2022-08-03 14:10:04 Modified File: ../mysite\pylogging\outbound_logger.py
2022-08-03 14:10:04 Modified File: ../mysite\pylogging\outbound_logger.py
2022-08-03 14:10:04 Modified File: ../mysite\pylogging\outbound_logger.py
