2022-08-05 11:16:08 {'Source': '127.0.0.1:53635',
 'Destination': '127.0.0.1:5001',
 'URL': 'GET /about/',
 'Request': {'wsgi.version': (1, 0),
             'wsgi.url_scheme': 'http',
             'wsgi.input': <_io.BufferedReader name=1060>,
             'wsgi.errors': <_io.TextIOWrapper name='<stderr>' mode='w' encoding='utf-8'>,
             'wsgi.multithread': True,
             'wsgi.multiprocess': False,
             'wsgi.run_once': False,
             'werkzeug.socket': <socket.socket fd=1060, family=AddressFamily.AF_INET, type=SocketKind.SOCK_STREAM, proto=0, laddr=('127.0.0.1', 5001), raddr=('127.0.0.1', 53635)>,
             'SERVER_SOFTWARE': 'Werkzeug/2.2.1',
             'SCRIPT_NAME': '',
             'QUERY_STRING': '',
             'REQUEST_URI': '/about/',
             'RAW_URI': '/about/',
             'SERVER_PROTOCOL': 'HTTP/1.1',
             'HTTP_HOST': '127.0.0.1:5001',
             'HTTP_CONNECTION': 'keep-alive',
             'HTTP_CACHE_CONTROL': 'max-age=0',
             'HTTP_SEC_CH_UA': '".Not/A)Brand";v="99", "Google '
                               'Chrome";v="103", "Chromium";v="103"',
             'HTTP_SEC_CH_UA_MOBILE': '?0',
             'HTTP_SEC_CH_UA_PLATFORM': '"Windows"',
             'HTTP_UPGRADE_INSECURE_REQUESTS': '1',
             'HTTP_USER_AGENT': 'Mozilla/5.0 (Windows NT 10.0; Win64; x64) '
                                'AppleWebKit/537.36 (KHTML, like Gecko) '
                                'Chrome/103.0.0.0 Safari/537.36',
             'HTTP_ACCEPT': 'text/html,application/xhtml+xml,application/xml;q=0.9,image/avif,image/webp,image/apng,*/*;q=0.8,application/signed-exchange;v=b3;q=0.9',
             'HTTP_SEC_FETCH_SITE': 'same-origin',
             'HTTP_SEC_FETCH_MODE': 'navigate',
             'HTTP_SEC_FETCH_USER': '?1',
             'HTTP_SEC_FETCH_DEST': 'document',
             'HTTP_REFERER': 'http://127.0.0.1:5001/edit_file',
             'HTTP_ACCEPT_ENCODING': 'gzip, deflate, br',
             'HTTP_ACCEPT_LANGUAGE': 'en-US,en;q=0.9,zh-SG;q=0.8,zh;q=0.7',
             'HTTP_COOKIE': 'csrftoken=ld2QmoaCsSEIQerzRbZDs4zmlJnVDKWtLJAnt3AfMSx3PsiQnte5iay6hTJY0kv7; '
                            'session=eyJfZnJlc2giOmZhbHNlLCJjc3JmX3Rva2VuIjoiYmZkOGU3MTZkZGJjNjBkNzIwZTMwZTBkNWE5MzQ3YmY4MWZkMDZlNyJ9.YuyFoA.QkLub2bYjg7Vt5t2pmuT-joNzOQ'},
 'Response': {'status': '200 OK',
              'headers': [('Content-Type', 'text/html; charset=utf-8'),
                          ('Content-Length', '66578'),
                          ('Vary', 'Cookie')]}}
2022-08-05 11:16:08 {'Source': '127.0.0.1:53639',
 'Destination': '127.0.0.1:5001',
 'URL': 'GET /_debug_toolbar/static/js/jquery.js',
 'Request': {'wsgi.version': (1, 0),
             'wsgi.url_scheme': 'http',
             'wsgi.input': <_io.BufferedReader name=1124>,
             'wsgi.errors': <_io.TextIOWrapper name='<stderr>' mode='w' encoding='utf-8'>,
             'wsgi.multithread': True,
             'wsgi.multiprocess': False,
             'wsgi.run_once': False,
             'werkzeug.socket': <socket.socket fd=1124, family=AddressFamily.AF_INET, type=SocketKind.SOCK_STREAM, proto=0, laddr=('127.0.0.1', 5001), raddr=('127.0.0.1', 53639)>,
             'SERVER_SOFTWARE': 'Werkzeug/2.2.1',
             'SCRIPT_NAME': '',
             'QUERY_STRING': '',
             'REQUEST_URI': '/_debug_toolbar/static/js/jquery.js',
             'RAW_URI': '/_debug_toolbar/static/js/jquery.js',
             'SERVER_PROTOCOL': 'HTTP/1.1',
             'HTTP_HOST': '127.0.0.1:5001',
             'HTTP_CONNECTION': 'keep-alive',
             'HTTP_SEC_CH_UA': '".Not/A)Brand";v="99", "Google '
                               'Chrome";v="103", "Chromium";v="103"',
             'HTTP_IF_MODIFIED_SINCE': 'Wed, 03 Aug 2022 02:07:01 GMT',
             'HTTP_SEC_CH_UA_MOBILE': '?0',
             'HTTP_USER_AGENT': 'Mozilla/5.0 (Windows NT 10.0; Win64; x64) '
                                'AppleWebKit/537.36 (KHTML, like Gecko) '
                                'Chrome/103.0.0.0 Safari/537.36',
             'HTTP_SEC_CH_UA_PLATFORM': '"Windows"',
             'HTTP_ACCEPT': '*/*',
             'HTTP_SEC_FETCH_SITE': 'same-origin',
             'HTTP_SEC_FETCH_MODE': 'no-cors',
             'HTTP_SEC_FETCH_DEST': 'script',
             'HTTP_REFERER': 'http://127.0.0.1:5001/about/',
             'HTTP_ACCEPT_ENCODING': 'gzip, deflate, br',
             'HTTP_ACCEPT_LANGUAGE': 'en-US,en;q=0.9,zh-SG;q=0.8,zh;q=0.7',
             'HTTP_COOKIE': 'csrftoken=ld2QmoaCsSEIQerzRbZDs4zmlJnVDKWtLJAnt3AfMSx3PsiQnte5iay6hTJY0kv7; '
                            'session=eyJfZnJlc2giOmZhbHNlLCJjc3JmX3Rva2VuIjoiYmZkOGU3MTZkZGJjNjBkNzIwZTMwZTBkNWE5MzQ3YmY4MWZkMDZlNyJ9.YuyFoA.QkLub2bYjg7Vt5t2pmuT-joNzOQ'},
 'Response': {'status': '304 NOT MODIFIED',
              'headers': [('Content-Disposition',
                           'inline; '
                           'filename=main_css.bundle-8b1974650b6043a71149e6c760fcaf56.css'),
                          ('Cache-Control', 'no-cache, max-age=0'),
                          ('Expires', 'Fri, 05 Aug 2022 03:16:08 GMT'),
                          ('Date', 'Fri, 05 Aug 2022 03:16:08 GMT')]}}
2022-08-05 11:16:08 {'Source': '127.0.0.1:53640',
 'Destination': '127.0.0.1:5001',
 'URL': 'GET /_debug_toolbar/static/js/jquery.tablesorter.js',
 'Request': {'wsgi.version': (1, 0),
             'wsgi.url_scheme': 'http',
             'wsgi.input': <_io.BufferedReader name=864>,
             'wsgi.errors': <_io.TextIOWrapper name='<stderr>' mode='w' encoding='utf-8'>,
             'wsgi.multithread': True,
             'wsgi.multiprocess': False,
             'wsgi.run_once': False,
             'werkzeug.socket': <socket.socket fd=864, family=AddressFamily.AF_INET, type=SocketKind.SOCK_STREAM, proto=0, laddr=('127.0.0.1', 5001), raddr=('127.0.0.1', 53640)>,
             'SERVER_SOFTWARE': 'Werkzeug/2.2.1',
             'SCRIPT_NAME': '',
             'QUERY_STRING': '',
             'REQUEST_URI': '/_debug_toolbar/static/js/jquery.tablesorter.js',
             'RAW_URI': '/_debug_toolbar/static/js/jquery.tablesorter.js',
             'SERVER_PROTOCOL': 'HTTP/1.1',
             'HTTP_HOST': '127.0.0.1:5001',
             'HTTP_CONNECTION': 'keep-alive',
             'HTTP_SEC_CH_UA': '".Not/A)Brand";v="99", "Google '
                               'Chrome";v="103", "Chromium";v="103"',
             'HTTP_IF_MODIFIED_SINCE': 'Wed, 03 Aug 2022 02:07:01 GMT',
             'HTTP_SEC_CH_UA_MOBILE': '?0',
             'HTTP_USER_AGENT': 'Mozilla/5.0 (Windows NT 10.0; Win64; x64) '
                                'AppleWebKit/537.36 (KHTML, like Gecko) '
                                'Chrome/103.0.0.0 Safari/537.36',
             'HTTP_SEC_CH_UA_PLATFORM': '"Windows"',
             'HTTP_ACCEPT': '*/*',
             'HTTP_SEC_FETCH_SITE': 'same-origin',
             'HTTP_SEC_FETCH_MODE': 'no-cors',
             'HTTP_SEC_FETCH_DEST': 'script',
             'HTTP_REFERER': 'http://127.0.0.1:5001/about/',
             'HTTP_ACCEPT_ENCODING': 'gzip, deflate, br',
             'HTTP_ACCEPT_LANGUAGE': 'en-US,en;q=0.9,zh-SG;q=0.8,zh;q=0.7',
             'HTTP_COOKIE': 'csrftoken=ld2QmoaCsSEIQerzRbZDs4zmlJnVDKWtLJAnt3AfMSx3PsiQnte5iay6hTJY0kv7; '
                            'session=eyJfZnJlc2giOmZhbHNlLCJjc3JmX3Rva2VuIjoiYmZkOGU3MTZkZGJjNjBkNzIwZTMwZTBkNWE5MzQ3YmY4MWZkMDZlNyJ9.YuyFoA.QkLub2bYjg7Vt5t2pmuT-joNzOQ'},
 'Response': {'status': '304 NOT MODIFIED',
              'headers': [('Content-Disposition', 'inline; filename=jquery.js'),
                          ('Cache-Control', 'no-cache, max-age=0'),
                          ('Expires', 'Fri, 05 Aug 2022 03:16:08 GMT'),
                          ('Date', 'Fri, 05 Aug 2022 03:16:08 GMT')]}}
2022-08-05 11:16:08 {'Source': '127.0.0.1:53640',
 'Destination': '127.0.0.1:5001',
 'URL': 'GET /_debug_toolbar/static/js/jquery.tablesorter.js',
 'Request': {'wsgi.version': (1, 0),
             'wsgi.url_scheme': 'http',
             'wsgi.input': <_io.BufferedReader name=864>,
             'wsgi.errors': <_io.TextIOWrapper name='<stderr>' mode='w' encoding='utf-8'>,
             'wsgi.multithread': True,
             'wsgi.multiprocess': False,
             'wsgi.run_once': False,
             'werkzeug.socket': <socket.socket fd=864, family=AddressFamily.AF_INET, type=SocketKind.SOCK_STREAM, proto=0, laddr=('127.0.0.1', 5001), raddr=('127.0.0.1', 53640)>,
             'SERVER_SOFTWARE': 'Werkzeug/2.2.1',
             'SCRIPT_NAME': '',
             'QUERY_STRING': '',
             'REQUEST_URI': '/_debug_toolbar/static/js/jquery.tablesorter.js',
             'RAW_URI': '/_debug_toolbar/static/js/jquery.tablesorter.js',
             'SERVER_PROTOCOL': 'HTTP/1.1',
             'HTTP_HOST': '127.0.0.1:5001',
             'HTTP_CONNECTION': 'keep-alive',
             'HTTP_SEC_CH_UA': '".Not/A)Brand";v="99", "Google '
                               'Chrome";v="103", "Chromium";v="103"',
             'HTTP_IF_MODIFIED_SINCE': 'Wed, 03 Aug 2022 02:07:01 GMT',
             'HTTP_SEC_CH_UA_MOBILE': '?0',
             'HTTP_USER_AGENT': 'Mozilla/5.0 (Windows NT 10.0; Win64; x64) '
                                'AppleWebKit/537.36 (KHTML, like Gecko) '
                                'Chrome/103.0.0.0 Safari/537.36',
             'HTTP_SEC_CH_UA_PLATFORM': '"Windows"',
             'HTTP_ACCEPT': '*/*',
             'HTTP_SEC_FETCH_SITE': 'same-origin',
             'HTTP_SEC_FETCH_MODE': 'no-cors',
             'HTTP_SEC_FETCH_DEST': 'script',
             'HTTP_REFERER': 'http://127.0.0.1:5001/about/',
             'HTTP_ACCEPT_ENCODING': 'gzip, deflate, br',
             'HTTP_ACCEPT_LANGUAGE': 'en-US,en;q=0.9,zh-SG;q=0.8,zh;q=0.7',
             'HTTP_COOKIE': 'csrftoken=ld2QmoaCsSEIQerzRbZDs4zmlJnVDKWtLJAnt3AfMSx3PsiQnte5iay6hTJY0kv7; '
                            'session=eyJfZnJlc2giOmZhbHNlLCJjc3JmX3Rva2VuIjoiYmZkOGU3MTZkZGJjNjBkNzIwZTMwZTBkNWE5MzQ3YmY4MWZkMDZlNyJ9.YuyFoA.QkLub2bYjg7Vt5t2pmuT-joNzOQ'},
 'Response': {'status': '304 NOT MODIFIED',
              'headers': [('Content-Disposition', 'inline; filename=jquery.js'),
                          ('Cache-Control', 'no-cache, max-age=0'),
                          ('Expires', 'Fri, 05 Aug 2022 03:16:08 GMT'),
                          ('Date', 'Fri, 05 Aug 2022 03:16:08 GMT')]}}
2022-08-05 11:16:08 {'Source': '127.0.0.1:53641',
 'Destination': '127.0.0.1:5001',
 'URL': 'GET /_debug_toolbar/static/js/toolbar.js',
 'Request': {'wsgi.version': (1, 0),
             'wsgi.url_scheme': 'http',
             'wsgi.input': <_io.BufferedReader name=1244>,
             'wsgi.errors': <_io.TextIOWrapper name='<stderr>' mode='w' encoding='utf-8'>,
             'wsgi.multithread': True,
             'wsgi.multiprocess': False,
             'wsgi.run_once': False,
             'werkzeug.socket': <socket.socket fd=1244, family=AddressFamily.AF_INET, type=SocketKind.SOCK_STREAM, proto=0, laddr=('127.0.0.1', 5001), raddr=('127.0.0.1', 53641)>,
             'SERVER_SOFTWARE': 'Werkzeug/2.2.1',
             'SCRIPT_NAME': '',
             'QUERY_STRING': '',
             'REQUEST_URI': '/_debug_toolbar/static/js/toolbar.js',
             'RAW_URI': '/_debug_toolbar/static/js/toolbar.js',
             'SERVER_PROTOCOL': 'HTTP/1.1',
             'HTTP_HOST': '127.0.0.1:5001',
             'HTTP_CONNECTION': 'keep-alive',
             'HTTP_SEC_CH_UA': '".Not/A)Brand";v="99", "Google '
                               'Chrome";v="103", "Chromium";v="103"',
             'HTTP_IF_MODIFIED_SINCE': 'Wed, 03 Aug 2022 02:07:01 GMT',
             'HTTP_SEC_CH_UA_MOBILE': '?0',
             'HTTP_USER_AGENT': 'Mozilla/5.0 (Windows NT 10.0; Win64; x64) '
                                'AppleWebKit/537.36 (KHTML, like Gecko) '
                                'Chrome/103.0.0.0 Safari/537.36',
             'HTTP_SEC_CH_UA_PLATFORM': '"Windows"',
             'HTTP_ACCEPT': '*/*',
             'HTTP_SEC_FETCH_SITE': 'same-origin',
             'HTTP_SEC_FETCH_MODE': 'no-cors',
             'HTTP_SEC_FETCH_DEST': 'script',
             'HTTP_REFERER': 'http://127.0.0.1:5001/about/',
             'HTTP_ACCEPT_ENCODING': 'gzip, deflate, br',
             'HTTP_ACCEPT_LANGUAGE': 'en-US,en;q=0.9,zh-SG;q=0.8,zh;q=0.7',
             'HTTP_COOKIE': 'csrftoken=ld2QmoaCsSEIQerzRbZDs4zmlJnVDKWtLJAnt3AfMSx3PsiQnte5iay6hTJY0kv7; '
                            'session=eyJfZnJlc2giOmZhbHNlLCJjc3JmX3Rva2VuIjoiYmZkOGU3MTZkZGJjNjBkNzIwZTMwZTBkNWE5MzQ3YmY4MWZkMDZlNyJ9.YuyFoA.QkLub2bYjg7Vt5t2pmuT-joNzOQ'},
 'Response': {'status': '304 NOT MODIFIED',
              'headers': [('Content-Disposition',
                           'inline; filename=toolbar.js'),
                          ('Cache-Control', 'no-cache, max-age=0'),
                          ('Expires', 'Fri, 05 Aug 2022 03:16:08 GMT'),
                          ('Date', 'Fri, 05 Aug 2022 03:16:08 GMT')]}}
2022-08-05 11:16:08 {'Source': '127.0.0.1:53641',
 'Destination': '127.0.0.1:5001',
 'URL': 'GET /_debug_toolbar/static/js/toolbar.js',
 'Request': {'wsgi.version': (1, 0),
             'wsgi.url_scheme': 'http',
             'wsgi.input': <_io.BufferedReader name=1244>,
             'wsgi.errors': <_io.TextIOWrapper name='<stderr>' mode='w' encoding='utf-8'>,
             'wsgi.multithread': True,
             'wsgi.multiprocess': False,
             'wsgi.run_once': False,
             'werkzeug.socket': <socket.socket fd=1244, family=AddressFamily.AF_INET, type=SocketKind.SOCK_STREAM, proto=0, laddr=('127.0.0.1', 5001), raddr=('127.0.0.1', 53641)>,
             'SERVER_SOFTWARE': 'Werkzeug/2.2.1',
             'SCRIPT_NAME': '',
             'QUERY_STRING': '',
             'REQUEST_URI': '/_debug_toolbar/static/js/toolbar.js',
             'RAW_URI': '/_debug_toolbar/static/js/toolbar.js',
             'SERVER_PROTOCOL': 'HTTP/1.1',
             'HTTP_HOST': '127.0.0.1:5001',
             'HTTP_CONNECTION': 'keep-alive',
             'HTTP_SEC_CH_UA': '".Not/A)Brand";v="99", "Google '
                               'Chrome";v="103", "Chromium";v="103"',
             'HTTP_IF_MODIFIED_SINCE': 'Wed, 03 Aug 2022 02:07:01 GMT',
             'HTTP_SEC_CH_UA_MOBILE': '?0',
             'HTTP_USER_AGENT': 'Mozilla/5.0 (Windows NT 10.0; Win64; x64) '
                                'AppleWebKit/537.36 (KHTML, like Gecko) '
                                'Chrome/103.0.0.0 Safari/537.36',
             'HTTP_SEC_CH_UA_PLATFORM': '"Windows"',
             'HTTP_ACCEPT': '*/*',
             'HTTP_SEC_FETCH_SITE': 'same-origin',
             'HTTP_SEC_FETCH_MODE': 'no-cors',
             'HTTP_SEC_FETCH_DEST': 'script',
             'HTTP_REFERER': 'http://127.0.0.1:5001/about/',
             'HTTP_ACCEPT_ENCODING': 'gzip, deflate, br',
             'HTTP_ACCEPT_LANGUAGE': 'en-US,en;q=0.9,zh-SG;q=0.8,zh;q=0.7',
             'HTTP_COOKIE': 'csrftoken=ld2QmoaCsSEIQerzRbZDs4zmlJnVDKWtLJAnt3AfMSx3PsiQnte5iay6hTJY0kv7; '
                            'session=eyJfZnJlc2giOmZhbHNlLCJjc3JmX3Rva2VuIjoiYmZkOGU3MTZkZGJjNjBkNzIwZTMwZTBkNWE5MzQ3YmY4MWZkMDZlNyJ9.YuyFoA.QkLub2bYjg7Vt5t2pmuT-joNzOQ'},
 'Response': {'status': '304 NOT MODIFIED',
              'headers': [('Content-Disposition',
                           'inline; filename=jquery.tablesorter.js'),
                          ('Cache-Control', 'no-cache, max-age=0'),
                          ('Expires', 'Fri, 05 Aug 2022 03:16:08 GMT'),
                          ('Date', 'Fri, 05 Aug 2022 03:16:08 GMT')]}}
2022-08-05 11:16:08 {'Source': '127.0.0.1:53642',
 'Destination': '127.0.0.1:5001',
 'URL': 'GET /_debug_toolbar/static/css/toolbar.css',
 'Request': {'wsgi.version': (1, 0),
             'wsgi.url_scheme': 'http',
             'wsgi.input': <_io.BufferedReader name=1236>,
             'wsgi.errors': <_io.TextIOWrapper name='<stderr>' mode='w' encoding='utf-8'>,
             'wsgi.multithread': True,
             'wsgi.multiprocess': False,
             'wsgi.run_once': False,
             'werkzeug.socket': <socket.socket fd=1236, family=AddressFamily.AF_INET, type=SocketKind.SOCK_STREAM, proto=0, laddr=('127.0.0.1', 5001), raddr=('127.0.0.1', 53642)>,
             'SERVER_SOFTWARE': 'Werkzeug/2.2.1',
             'SCRIPT_NAME': '',
             'QUERY_STRING': '0.7559270023350713',
             'REQUEST_URI': '/_debug_toolbar/static/css/toolbar.css?0.7559270023350713',
             'RAW_URI': '/_debug_toolbar/static/css/toolbar.css?0.7559270023350713',
             'SERVER_PROTOCOL': 'HTTP/1.1',
             'HTTP_HOST': '127.0.0.1:5001',
             'HTTP_CONNECTION': 'keep-alive',
             'HTTP_SEC_CH_UA': '".Not/A)Brand";v="99", "Google '
                               'Chrome";v="103", "Chromium";v="103"',
             'HTTP_SEC_CH_UA_MOBILE': '?0',
             'HTTP_USER_AGENT': 'Mozilla/5.0 (Windows NT 10.0; Win64; x64) '
                                'AppleWebKit/537.36 (KHTML, like Gecko) '
                                'Chrome/103.0.0.0 Safari/537.36',
             'HTTP_SEC_CH_UA_PLATFORM': '"Windows"',
             'HTTP_ACCEPT': 'text/css,*/*;q=0.1',
             'HTTP_SEC_FETCH_SITE': 'same-origin',
             'HTTP_SEC_FETCH_MODE': 'no-cors',
             'HTTP_SEC_FETCH_DEST': 'style',
             'HTTP_REFERER': 'http://127.0.0.1:5001/about/',
             'HTTP_ACCEPT_ENCODING': 'gzip, deflate, br',
             'HTTP_ACCEPT_LANGUAGE': 'en-US,en;q=0.9,zh-SG;q=0.8,zh;q=0.7',
             'HTTP_COOKIE': 'csrftoken=ld2QmoaCsSEIQerzRbZDs4zmlJnVDKWtLJAnt3AfMSx3PsiQnte5iay6hTJY0kv7; '
                            'session=eyJfZnJlc2giOmZhbHNlLCJjc3JmX3Rva2VuIjoiYmZkOGU3MTZkZGJjNjBkNzIwZTMwZTBkNWE5MzQ3YmY4MWZkMDZlNyJ9.YuyFoA.QkLub2bYjg7Vt5t2pmuT-joNzOQ'},
 'Response': {'status': '200 OK',
              'headers': [('Content-Disposition',
                           'inline; filename=toolbar.css'),
                          ('Content-Type', 'text/css; charset=utf-8'),
                          ('Content-Length', '8517'),
                          ('Last-Modified', 'Wed, 03 Aug 2022 02:07:01 GMT'),
                          ('Cache-Control', 'no-cache, max-age=0'),
                          ('Expires', 'Fri, 05 Aug 2022 03:16:08 GMT'),
                          ('Date', 'Fri, 05 Aug 2022 03:16:08 GMT')]}}
2022-08-05 11:16:08 {'Source': '127.0.0.1:53643',
 'Destination': '127.0.0.1:5001',
 'URL': 'GET /_debug_toolbar/static/img/tick-red.png',
 'Request': {'wsgi.version': (1, 0),
             'wsgi.url_scheme': 'http',
             'wsgi.input': <_io.BufferedReader name=1196>,
             'wsgi.errors': <_io.TextIOWrapper name='<stderr>' mode='w' encoding='utf-8'>,
             'wsgi.multithread': True,
             'wsgi.multiprocess': False,
             'wsgi.run_once': False,
             'werkzeug.socket': <socket.socket fd=1196, family=AddressFamily.AF_INET, type=SocketKind.SOCK_STREAM, proto=0, laddr=('127.0.0.1', 5001), raddr=('127.0.0.1', 53643)>,
             'SERVER_SOFTWARE': 'Werkzeug/2.2.1',
             'SCRIPT_NAME': '',
             'QUERY_STRING': '',
             'REQUEST_URI': '/_debug_toolbar/static/img/tick-red.png',
             'RAW_URI': '/_debug_toolbar/static/img/tick-red.png',
             'SERVER_PROTOCOL': 'HTTP/1.1',
             'HTTP_HOST': '127.0.0.1:5001',
             'HTTP_CONNECTION': 'keep-alive',
             'HTTP_SEC_CH_UA': '".Not/A)Brand";v="99", "Google '
                               'Chrome";v="103", "Chromium";v="103"',
             'HTTP_IF_MODIFIED_SINCE': 'Wed, 03 Aug 2022 02:07:01 GMT',
             'HTTP_SEC_CH_UA_MOBILE': '?0',
             'HTTP_USER_AGENT': 'Mozilla/5.0 (Windows NT 10.0; Win64; x64) '
                                'AppleWebKit/537.36 (KHTML, like Gecko) '
                                'Chrome/103.0.0.0 Safari/537.36',
             'HTTP_SEC_CH_UA_PLATFORM': '"Windows"',
             'HTTP_ACCEPT': 'image/avif,image/webp,image/apng,image/svg+xml,image/*,*/*;q=0.8',
             'HTTP_SEC_FETCH_SITE': 'same-origin',
             'HTTP_SEC_FETCH_MODE': 'no-cors',
             'HTTP_SEC_FETCH_DEST': 'image',
             'HTTP_REFERER': 'http://127.0.0.1:5001/_debug_toolbar/static/css/toolbar.css?0.7559270023350713',
             'HTTP_ACCEPT_ENCODING': 'gzip, deflate, br',
             'HTTP_ACCEPT_LANGUAGE': 'en-US,en;q=0.9,zh-SG;q=0.8,zh;q=0.7',
             'HTTP_COOKIE': 'csrftoken=ld2QmoaCsSEIQerzRbZDs4zmlJnVDKWtLJAnt3AfMSx3PsiQnte5iay6hTJY0kv7; '
                            'session=eyJfZnJlc2giOmZhbHNlLCJjc3JmX3Rva2VuIjoiYmZkOGU3MTZkZGJjNjBkNzIwZTMwZTBkNWE5MzQ3YmY4MWZkMDZlNyJ9.YuyFoA.QkLub2bYjg7Vt5t2pmuT-joNzOQ'},
 'Response': {'status': '304 NOT MODIFIED',
              'headers': [('Content-Disposition',
                           'inline; filename=tick-red.png'),
                          ('Cache-Control', 'no-cache, max-age=0'),
                          ('Expires', 'Fri, 05 Aug 2022 03:16:08 GMT'),
                          ('Date', 'Fri, 05 Aug 2022 03:16:08 GMT')]}}
2022-08-05 11:16:08 {'Source': '127.0.0.1:53644',
 'Destination': '127.0.0.1:5001',
 'URL': 'GET /static/build/favicon-36131e511cbaacdc9e850bf826d4d54c.ico',
 'Request': {'wsgi.version': (1, 0),
             'wsgi.url_scheme': 'http',
             'wsgi.input': <_io.BufferedReader name=756>,
             'wsgi.errors': <_io.TextIOWrapper name='<stderr>' mode='w' encoding='utf-8'>,
             'wsgi.multithread': True,
             'wsgi.multiprocess': False,
             'wsgi.run_once': False,
             'werkzeug.socket': <socket.socket fd=756, family=AddressFamily.AF_INET, type=SocketKind.SOCK_STREAM, proto=0, laddr=('127.0.0.1', 5001), raddr=('127.0.0.1', 53644)>,
             'SERVER_SOFTWARE': 'Werkzeug/2.2.1',
             'SCRIPT_NAME': '',
             'QUERY_STRING': '',
             'REQUEST_URI': '/static/build/favicon-36131e511cbaacdc9e850bf826d4d54c.ico',
             'RAW_URI': '/static/build/favicon-36131e511cbaacdc9e850bf826d4d54c.ico',
             'SERVER_PROTOCOL': 'HTTP/1.1',
             'HTTP_HOST': '127.0.0.1:5001',
             'HTTP_CONNECTION': 'keep-alive',
             'HTTP_SEC_CH_UA': '".Not/A)Brand";v="99", "Google '
                               'Chrome";v="103", "Chromium";v="103"',
             'HTTP_SEC_CH_UA_MOBILE': '?0',
             'HTTP_USER_AGENT': 'Mozilla/5.0 (Windows NT 10.0; Win64; x64) '
                                'AppleWebKit/537.36 (KHTML, like Gecko) '
                                'Chrome/103.0.0.0 Safari/537.36',
             'HTTP_SEC_CH_UA_PLATFORM': '"Windows"',
             'HTTP_ACCEPT': 'image/avif,image/webp,image/apng,image/svg+xml,image/*,*/*;q=0.8',
             'HTTP_SEC_FETCH_SITE': 'same-origin',
             'HTTP_SEC_FETCH_MODE': 'no-cors',
             'HTTP_SEC_FETCH_DEST': 'image',
             'HTTP_REFERER': 'http://127.0.0.1:5001/about/',
             'HTTP_ACCEPT_ENCODING': 'gzip, deflate, br',
             'HTTP_ACCEPT_LANGUAGE': 'en-US,en;q=0.9,zh-SG;q=0.8,zh;q=0.7',
             'HTTP_COOKIE': 'csrftoken=ld2QmoaCsSEIQerzRbZDs4zmlJnVDKWtLJAnt3AfMSx3PsiQnte5iay6hTJY0kv7; '
                            'session=eyJfZnJlc2giOmZhbHNlLCJjc3JmX3Rva2VuIjoiYmZkOGU3MTZkZGJjNjBkNzIwZTMwZTBkNWE5MzQ3YmY4MWZkMDZlNyJ9.YuyFoA.QkLub2bYjg7Vt5t2pmuT-joNzOQ',
             'HTTP_IF_MODIFIED_SINCE': 'Wed, 03 Aug 2022 02:04:21 GMT'},
 'Response': {'status': '304 NOT MODIFIED',
              'headers': [('Content-Disposition',
                           'inline; '
                           'filename=favicon-36131e511cbaacdc9e850bf826d4d54c.ico'),
                          ('Cache-Control', 'no-cache, max-age=0'),
                          ('Expires', 'Fri, 05 Aug 2022 03:16:08 GMT'),
                          ('Date', 'Fri, 05 Aug 2022 03:16:08 GMT')]}}
2022-08-05 11:16:19 {'Source': '127.0.0.1:53645',
 'Destination': '127.0.0.1:5001',
 'URL': 'GET /edit_file',
 'Request': {'wsgi.version': (1, 0),
             'wsgi.url_scheme': 'http',
             'wsgi.input': <_io.BufferedReader name=1124>,
             'wsgi.errors': <_io.TextIOWrapper name='<stderr>' mode='w' encoding='utf-8'>,
             'wsgi.multithread': True,
             'wsgi.multiprocess': False,
             'wsgi.run_once': False,
             'werkzeug.socket': <socket.socket fd=1124, family=AddressFamily.AF_INET, type=SocketKind.SOCK_STREAM, proto=0, laddr=('127.0.0.1', 5001), raddr=('127.0.0.1', 53645)>,
             'SERVER_SOFTWARE': 'Werkzeug/2.2.1',
             'SCRIPT_NAME': '',
             'QUERY_STRING': '',
             'REQUEST_URI': '/edit_file',
             'RAW_URI': '/edit_file',
             'SERVER_PROTOCOL': 'HTTP/1.1',
             'HTTP_HOST': '127.0.0.1:5001',
             'HTTP_CONNECTION': 'keep-alive',
             'HTTP_SEC_CH_UA': '".Not/A)Brand";v="99", "Google '
                               'Chrome";v="103", "Chromium";v="103"',
             'HTTP_SEC_CH_UA_MOBILE': '?0',
             'HTTP_SEC_CH_UA_PLATFORM': '"Windows"',
             'HTTP_UPGRADE_INSECURE_REQUESTS': '1',
             'HTTP_USER_AGENT': 'Mozilla/5.0 (Windows NT 10.0; Win64; x64) '
                                'AppleWebKit/537.36 (KHTML, like Gecko) '
                                'Chrome/103.0.0.0 Safari/537.36',
             'HTTP_ACCEPT': 'text/html,application/xhtml+xml,application/xml;q=0.9,image/avif,image/webp,image/apng,*/*;q=0.8,application/signed-exchange;v=b3;q=0.9',
             'HTTP_SEC_FETCH_SITE': 'none',
             'HTTP_SEC_FETCH_MODE': 'navigate',
             'HTTP_SEC_FETCH_USER': '?1',
             'HTTP_SEC_FETCH_DEST': 'document',
             'HTTP_ACCEPT_ENCODING': 'gzip, deflate, br',
             'HTTP_ACCEPT_LANGUAGE': 'en-US,en;q=0.9,zh-SG;q=0.8,zh;q=0.7',
             'HTTP_COOKIE': 'csrftoken=ld2QmoaCsSEIQerzRbZDs4zmlJnVDKWtLJAnt3AfMSx3PsiQnte5iay6hTJY0kv7; '
                            'session=eyJfZnJlc2giOmZhbHNlLCJjc3JmX3Rva2VuIjoiYmZkOGU3MTZkZGJjNjBkNzIwZTMwZTBkNWE5MzQ3YmY4MWZkMDZlNyJ9.YuyFoA.QkLub2bYjg7Vt5t2pmuT-joNzOQ'},
 'Response': {'status': '200 OK',
              'headers': [('Content-Type', 'text/html; charset=utf-8'),
                          ('Content-Length', '58489'),
                          ('Vary', 'Cookie')]}}
2022-08-05 11:16:19 {'Source': '127.0.0.1:53648',
 'Destination': '127.0.0.1:5001',
 'URL': 'GET /_debug_toolbar/static/js/jquery.js',
 'Request': {'wsgi.version': (1, 0),
             'wsgi.url_scheme': 'http',
             'wsgi.input': <_io.BufferedReader name=940>,
             'wsgi.errors': <_io.TextIOWrapper name='<stderr>' mode='w' encoding='utf-8'>,
             'wsgi.multithread': True,
             'wsgi.multiprocess': False,
             'wsgi.run_once': False,
             'werkzeug.socket': <socket.socket fd=940, family=AddressFamily.AF_INET, type=SocketKind.SOCK_STREAM, proto=0, laddr=('127.0.0.1', 5001), raddr=('127.0.0.1', 53648)>,
             'SERVER_SOFTWARE': 'Werkzeug/2.2.1',
             'SCRIPT_NAME': '',
             'QUERY_STRING': '',
             'REQUEST_URI': '/_debug_toolbar/static/js/jquery.js',
             'RAW_URI': '/_debug_toolbar/static/js/jquery.js',
             'SERVER_PROTOCOL': 'HTTP/1.1',
             'HTTP_HOST': '127.0.0.1:5001',
             'HTTP_CONNECTION': 'keep-alive',
             'HTTP_SEC_CH_UA': '".Not/A)Brand";v="99", "Google '
                               'Chrome";v="103", "Chromium";v="103"',
             'HTTP_IF_MODIFIED_SINCE': 'Wed, 03 Aug 2022 02:07:01 GMT',
             'HTTP_SEC_CH_UA_MOBILE': '?0',
             'HTTP_USER_AGENT': 'Mozilla/5.0 (Windows NT 10.0; Win64; x64) '
                                'AppleWebKit/537.36 (KHTML, like Gecko) '
                                'Chrome/103.0.0.0 Safari/537.36',
             'HTTP_SEC_CH_UA_PLATFORM': '"Windows"',
             'HTTP_ACCEPT': '*/*',
             'HTTP_SEC_FETCH_SITE': 'same-origin',
             'HTTP_SEC_FETCH_MODE': 'no-cors',
             'HTTP_SEC_FETCH_DEST': 'script',
             'HTTP_REFERER': 'http://127.0.0.1:5001/edit_file',
             'HTTP_ACCEPT_ENCODING': 'gzip, deflate, br',
             'HTTP_ACCEPT_LANGUAGE': 'en-US,en;q=0.9,zh-SG;q=0.8,zh;q=0.7',
             'HTTP_COOKIE': 'csrftoken=ld2QmoaCsSEIQerzRbZDs4zmlJnVDKWtLJAnt3AfMSx3PsiQnte5iay6hTJY0kv7; '
                            'session=eyJfZnJlc2giOmZhbHNlLCJjc3JmX3Rva2VuIjoiYmZkOGU3MTZkZGJjNjBkNzIwZTMwZTBkNWE5MzQ3YmY4MWZkMDZlNyJ9.YuyFoA.QkLub2bYjg7Vt5t2pmuT-joNzOQ'},
 'Response': {'status': '304 NOT MODIFIED',
              'headers': [('Content-Disposition',
                           'inline; '
                           'filename=main_css.bundle-8b1974650b6043a71149e6c760fcaf56.css'),
                          ('Cache-Control', 'no-cache, max-age=0'),
                          ('Expires', 'Fri, 05 Aug 2022 03:16:19 GMT'),
                          ('Date', 'Fri, 05 Aug 2022 03:16:19 GMT')]}}
2022-08-05 11:16:19 {'Source': '127.0.0.1:53648',
 'Destination': '127.0.0.1:5001',
 'URL': 'GET /_debug_toolbar/static/js/jquery.js',
 'Request': {'wsgi.version': (1, 0),
             'wsgi.url_scheme': 'http',
             'wsgi.input': <_io.BufferedReader name=940>,
             'wsgi.errors': <_io.TextIOWrapper name='<stderr>' mode='w' encoding='utf-8'>,
             'wsgi.multithread': True,
             'wsgi.multiprocess': False,
             'wsgi.run_once': False,
             'werkzeug.socket': <socket.socket fd=940, family=AddressFamily.AF_INET, type=SocketKind.SOCK_STREAM, proto=0, laddr=('127.0.0.1', 5001), raddr=('127.0.0.1', 53648)>,
             'SERVER_SOFTWARE': 'Werkzeug/2.2.1',
             'SCRIPT_NAME': '',
             'QUERY_STRING': '',
             'REQUEST_URI': '/_debug_toolbar/static/js/jquery.js',
             'RAW_URI': '/_debug_toolbar/static/js/jquery.js',
             'SERVER_PROTOCOL': 'HTTP/1.1',
             'HTTP_HOST': '127.0.0.1:5001',
             'HTTP_CONNECTION': 'keep-alive',
             'HTTP_SEC_CH_UA': '".Not/A)Brand";v="99", "Google '
                               'Chrome";v="103", "Chromium";v="103"',
             'HTTP_IF_MODIFIED_SINCE': 'Wed, 03 Aug 2022 02:07:01 GMT',
             'HTTP_SEC_CH_UA_MOBILE': '?0',
             'HTTP_USER_AGENT': 'Mozilla/5.0 (Windows NT 10.0; Win64; x64) '
                                'AppleWebKit/537.36 (KHTML, like Gecko) '
                                'Chrome/103.0.0.0 Safari/537.36',
             'HTTP_SEC_CH_UA_PLATFORM': '"Windows"',
             'HTTP_ACCEPT': '*/*',
             'HTTP_SEC_FETCH_SITE': 'same-origin',
             'HTTP_SEC_FETCH_MODE': 'no-cors',
             'HTTP_SEC_FETCH_DEST': 'script',
             'HTTP_REFERER': 'http://127.0.0.1:5001/edit_file',
             'HTTP_ACCEPT_ENCODING': 'gzip, deflate, br',
             'HTTP_ACCEPT_LANGUAGE': 'en-US,en;q=0.9,zh-SG;q=0.8,zh;q=0.7',
             'HTTP_COOKIE': 'csrftoken=ld2QmoaCsSEIQerzRbZDs4zmlJnVDKWtLJAnt3AfMSx3PsiQnte5iay6hTJY0kv7; '
                            'session=eyJfZnJlc2giOmZhbHNlLCJjc3JmX3Rva2VuIjoiYmZkOGU3MTZkZGJjNjBkNzIwZTMwZTBkNWE5MzQ3YmY4MWZkMDZlNyJ9.YuyFoA.QkLub2bYjg7Vt5t2pmuT-joNzOQ'},
 'Response': {'status': '304 NOT MODIFIED',
              'headers': [('Content-Disposition',
                           'inline; '
                           'filename=main_js.bundle-b77e7f72486110f631f3f726fe11fa66.js'),
                          ('Cache-Control', 'no-cache, max-age=0'),
                          ('Expires', 'Fri, 05 Aug 2022 03:16:19 GMT'),
                          ('Date', 'Fri, 05 Aug 2022 03:16:19 GMT')]}}
2022-08-05 11:16:19 {'Source': '127.0.0.1:53649',
 'Destination': '127.0.0.1:5001',
 'URL': 'GET /_debug_toolbar/static/js/jquery.tablesorter.js',
 'Request': {'wsgi.version': (1, 0),
             'wsgi.url_scheme': 'http',
             'wsgi.input': <_io.BufferedReader name=932>,
             'wsgi.errors': <_io.TextIOWrapper name='<stderr>' mode='w' encoding='utf-8'>,
             'wsgi.multithread': True,
             'wsgi.multiprocess': False,
             'wsgi.run_once': False,
             'werkzeug.socket': <socket.socket fd=932, family=AddressFamily.AF_INET, type=SocketKind.SOCK_STREAM, proto=0, laddr=('127.0.0.1', 5001), raddr=('127.0.0.1', 53649)>,
             'SERVER_SOFTWARE': 'Werkzeug/2.2.1',
             'SCRIPT_NAME': '',
             'QUERY_STRING': '',
             'REQUEST_URI': '/_debug_toolbar/static/js/jquery.tablesorter.js',
             'RAW_URI': '/_debug_toolbar/static/js/jquery.tablesorter.js',
             'SERVER_PROTOCOL': 'HTTP/1.1',
             'HTTP_HOST': '127.0.0.1:5001',
             'HTTP_CONNECTION': 'keep-alive',
             'HTTP_SEC_CH_UA': '".Not/A)Brand";v="99", "Google '
                               'Chrome";v="103", "Chromium";v="103"',
             'HTTP_IF_MODIFIED_SINCE': 'Wed, 03 Aug 2022 02:07:01 GMT',
             'HTTP_SEC_CH_UA_MOBILE': '?0',
             'HTTP_USER_AGENT': 'Mozilla/5.0 (Windows NT 10.0; Win64; x64) '
                                'AppleWebKit/537.36 (KHTML, like Gecko) '
                                'Chrome/103.0.0.0 Safari/537.36',
             'HTTP_SEC_CH_UA_PLATFORM': '"Windows"',
             'HTTP_ACCEPT': '*/*',
             'HTTP_SEC_FETCH_SITE': 'same-origin',
             'HTTP_SEC_FETCH_MODE': 'no-cors',
             'HTTP_SEC_FETCH_DEST': 'script',
             'HTTP_REFERER': 'http://127.0.0.1:5001/edit_file',
             'HTTP_ACCEPT_ENCODING': 'gzip, deflate, br',
             'HTTP_ACCEPT_LANGUAGE': 'en-US,en;q=0.9,zh-SG;q=0.8,zh;q=0.7',
             'HTTP_COOKIE': 'csrftoken=ld2QmoaCsSEIQerzRbZDs4zmlJnVDKWtLJAnt3AfMSx3PsiQnte5iay6hTJY0kv7; '
                            'session=eyJfZnJlc2giOmZhbHNlLCJjc3JmX3Rva2VuIjoiYmZkOGU3MTZkZGJjNjBkNzIwZTMwZTBkNWE5MzQ3YmY4MWZkMDZlNyJ9.YuyFoA.QkLub2bYjg7Vt5t2pmuT-joNzOQ'},
 'Response': {'status': '304 NOT MODIFIED',
              'headers': [('Content-Disposition', 'inline; filename=jquery.js'),
                          ('Cache-Control', 'no-cache, max-age=0'),
                          ('Expires', 'Fri, 05 Aug 2022 03:16:19 GMT'),
                          ('Date', 'Fri, 05 Aug 2022 03:16:19 GMT')]}}
2022-08-05 11:16:19 {'Source': '127.0.0.1:53650',
 'Destination': '127.0.0.1:5001',
 'URL': 'GET /_debug_toolbar/static/js/toolbar.js',
 'Request': {'wsgi.version': (1, 0),
             'wsgi.url_scheme': 'http',
             'wsgi.input': <_io.BufferedReader name=1140>,
             'wsgi.errors': <_io.TextIOWrapper name='<stderr>' mode='w' encoding='utf-8'>,
             'wsgi.multithread': True,
             'wsgi.multiprocess': False,
             'wsgi.run_once': False,
             'werkzeug.socket': <socket.socket fd=1140, family=AddressFamily.AF_INET, type=SocketKind.SOCK_STREAM, proto=0, laddr=('127.0.0.1', 5001), raddr=('127.0.0.1', 53650)>,
             'SERVER_SOFTWARE': 'Werkzeug/2.2.1',
             'SCRIPT_NAME': '',
             'QUERY_STRING': '',
             'REQUEST_URI': '/_debug_toolbar/static/js/toolbar.js',
             'RAW_URI': '/_debug_toolbar/static/js/toolbar.js',
             'SERVER_PROTOCOL': 'HTTP/1.1',
             'HTTP_HOST': '127.0.0.1:5001',
             'HTTP_CONNECTION': 'keep-alive',
             'HTTP_SEC_CH_UA': '".Not/A)Brand";v="99", "Google '
                               'Chrome";v="103", "Chromium";v="103"',
             'HTTP_IF_MODIFIED_SINCE': 'Wed, 03 Aug 2022 02:07:01 GMT',
             'HTTP_SEC_CH_UA_MOBILE': '?0',
             'HTTP_USER_AGENT': 'Mozilla/5.0 (Windows NT 10.0; Win64; x64) '
                                'AppleWebKit/537.36 (KHTML, like Gecko) '
                                'Chrome/103.0.0.0 Safari/537.36',
             'HTTP_SEC_CH_UA_PLATFORM': '"Windows"',
             'HTTP_ACCEPT': '*/*',
             'HTTP_SEC_FETCH_SITE': 'same-origin',
             'HTTP_SEC_FETCH_MODE': 'no-cors',
             'HTTP_SEC_FETCH_DEST': 'script',
             'HTTP_REFERER': 'http://127.0.0.1:5001/edit_file',
             'HTTP_ACCEPT_ENCODING': 'gzip, deflate, br',
             'HTTP_ACCEPT_LANGUAGE': 'en-US,en;q=0.9,zh-SG;q=0.8,zh;q=0.7',
             'HTTP_COOKIE': 'csrftoken=ld2QmoaCsSEIQerzRbZDs4zmlJnVDKWtLJAnt3AfMSx3PsiQnte5iay6hTJY0kv7; '
                            'session=eyJfZnJlc2giOmZhbHNlLCJjc3JmX3Rva2VuIjoiYmZkOGU3MTZkZGJjNjBkNzIwZTMwZTBkNWE5MzQ3YmY4MWZkMDZlNyJ9.YuyFoA.QkLub2bYjg7Vt5t2pmuT-joNzOQ'},
 'Response': {'status': '304 NOT MODIFIED',
              'headers': [('Content-Disposition',
                           'inline; filename=jquery.tablesorter.js'),
                          ('Cache-Control', 'no-cache, max-age=0'),
                          ('Expires', 'Fri, 05 Aug 2022 03:16:19 GMT'),
                          ('Date', 'Fri, 05 Aug 2022 03:16:19 GMT')]}}
2022-08-05 11:16:19 {'Source': '127.0.0.1:53650',
 'Destination': '127.0.0.1:5001',
 'URL': 'GET /_debug_toolbar/static/js/toolbar.js',
 'Request': {'wsgi.version': (1, 0),
             'wsgi.url_scheme': 'http',
             'wsgi.input': <_io.BufferedReader name=1140>,
             'wsgi.errors': <_io.TextIOWrapper name='<stderr>' mode='w' encoding='utf-8'>,
             'wsgi.multithread': True,
             'wsgi.multiprocess': False,
             'wsgi.run_once': False,
             'werkzeug.socket': <socket.socket fd=1140, family=AddressFamily.AF_INET, type=SocketKind.SOCK_STREAM, proto=0, laddr=('127.0.0.1', 5001), raddr=('127.0.0.1', 53650)>,
             'SERVER_SOFTWARE': 'Werkzeug/2.2.1',
             'SCRIPT_NAME': '',
             'QUERY_STRING': '',
             'REQUEST_URI': '/_debug_toolbar/static/js/toolbar.js',
             'RAW_URI': '/_debug_toolbar/static/js/toolbar.js',
             'SERVER_PROTOCOL': 'HTTP/1.1',
             'HTTP_HOST': '127.0.0.1:5001',
             'HTTP_CONNECTION': 'keep-alive',
             'HTTP_SEC_CH_UA': '".Not/A)Brand";v="99", "Google '
                               'Chrome";v="103", "Chromium";v="103"',
             'HTTP_IF_MODIFIED_SINCE': 'Wed, 03 Aug 2022 02:07:01 GMT',
             'HTTP_SEC_CH_UA_MOBILE': '?0',
             'HTTP_USER_AGENT': 'Mozilla/5.0 (Windows NT 10.0; Win64; x64) '
                                'AppleWebKit/537.36 (KHTML, like Gecko) '
                                'Chrome/103.0.0.0 Safari/537.36',
             'HTTP_SEC_CH_UA_PLATFORM': '"Windows"',
             'HTTP_ACCEPT': '*/*',
             'HTTP_SEC_FETCH_SITE': 'same-origin',
             'HTTP_SEC_FETCH_MODE': 'no-cors',
             'HTTP_SEC_FETCH_DEST': 'script',
             'HTTP_REFERER': 'http://127.0.0.1:5001/edit_file',
             'HTTP_ACCEPT_ENCODING': 'gzip, deflate, br',
             'HTTP_ACCEPT_LANGUAGE': 'en-US,en;q=0.9,zh-SG;q=0.8,zh;q=0.7',
             'HTTP_COOKIE': 'csrftoken=ld2QmoaCsSEIQerzRbZDs4zmlJnVDKWtLJAnt3AfMSx3PsiQnte5iay6hTJY0kv7; '
                            'session=eyJfZnJlc2giOmZhbHNlLCJjc3JmX3Rva2VuIjoiYmZkOGU3MTZkZGJjNjBkNzIwZTMwZTBkNWE5MzQ3YmY4MWZkMDZlNyJ9.YuyFoA.QkLub2bYjg7Vt5t2pmuT-joNzOQ'},
 'Response': {'status': '304 NOT MODIFIED',
              'headers': [('Content-Disposition',
                           'inline; filename=toolbar.js'),
                          ('Cache-Control', 'no-cache, max-age=0'),
                          ('Expires', 'Fri, 05 Aug 2022 03:16:19 GMT'),
                          ('Date', 'Fri, 05 Aug 2022 03:16:19 GMT')]}}
2022-08-05 11:16:19 {'Source': '127.0.0.1:53651',
 'Destination': '127.0.0.1:5001',
 'URL': 'GET /_debug_toolbar/static/css/toolbar.css',
 'Request': {'wsgi.version': (1, 0),
             'wsgi.url_scheme': 'http',
             'wsgi.input': <_io.BufferedReader name=1124>,
             'wsgi.errors': <_io.TextIOWrapper name='<stderr>' mode='w' encoding='utf-8'>,
             'wsgi.multithread': True,
             'wsgi.multiprocess': False,
             'wsgi.run_once': False,
             'werkzeug.socket': <socket.socket fd=1124, family=AddressFamily.AF_INET, type=SocketKind.SOCK_STREAM, proto=0, laddr=('127.0.0.1', 5001), raddr=('127.0.0.1', 53651)>,
             'SERVER_SOFTWARE': 'Werkzeug/2.2.1',
             'SCRIPT_NAME': '',
             'QUERY_STRING': '0.5985985091651733',
             'REQUEST_URI': '/_debug_toolbar/static/css/toolbar.css?0.5985985091651733',
             'RAW_URI': '/_debug_toolbar/static/css/toolbar.css?0.5985985091651733',
             'SERVER_PROTOCOL': 'HTTP/1.1',
             'HTTP_HOST': '127.0.0.1:5001',
             'HTTP_CONNECTION': 'keep-alive',
             'HTTP_SEC_CH_UA': '".Not/A)Brand";v="99", "Google '
                               'Chrome";v="103", "Chromium";v="103"',
             'HTTP_SEC_CH_UA_MOBILE': '?0',
             'HTTP_USER_AGENT': 'Mozilla/5.0 (Windows NT 10.0; Win64; x64) '
                                'AppleWebKit/537.36 (KHTML, like Gecko) '
                                'Chrome/103.0.0.0 Safari/537.36',
             'HTTP_SEC_CH_UA_PLATFORM': '"Windows"',
             'HTTP_ACCEPT': 'text/css,*/*;q=0.1',
             'HTTP_SEC_FETCH_SITE': 'same-origin',
             'HTTP_SEC_FETCH_MODE': 'no-cors',
             'HTTP_SEC_FETCH_DEST': 'style',
             'HTTP_REFERER': 'http://127.0.0.1:5001/edit_file',
             'HTTP_ACCEPT_ENCODING': 'gzip, deflate, br',
             'HTTP_ACCEPT_LANGUAGE': 'en-US,en;q=0.9,zh-SG;q=0.8,zh;q=0.7',
             'HTTP_COOKIE': 'csrftoken=ld2QmoaCsSEIQerzRbZDs4zmlJnVDKWtLJAnt3AfMSx3PsiQnte5iay6hTJY0kv7; '
                            'session=eyJfZnJlc2giOmZhbHNlLCJjc3JmX3Rva2VuIjoiYmZkOGU3MTZkZGJjNjBkNzIwZTMwZTBkNWE5MzQ3YmY4MWZkMDZlNyJ9.YuyFoA.QkLub2bYjg7Vt5t2pmuT-joNzOQ'},
 'Response': {'status': '200 OK',
              'headers': [('Content-Disposition',
                           'inline; filename=toolbar.css'),
                          ('Content-Type', 'text/css; charset=utf-8'),
                          ('Content-Length', '8517'),
                          ('Last-Modified', 'Wed, 03 Aug 2022 02:07:01 GMT'),
                          ('Cache-Control', 'no-cache, max-age=0'),
                          ('Expires', 'Fri, 05 Aug 2022 03:16:19 GMT'),
                          ('Date', 'Fri, 05 Aug 2022 03:16:19 GMT')]}}
2022-08-05 11:16:19 {'Source': '127.0.0.1:53652',
 'Destination': '127.0.0.1:5001',
 'URL': 'GET /_debug_toolbar/static/img/tick-red.png',
 'Request': {'wsgi.version': (1, 0),
             'wsgi.url_scheme': 'http',
             'wsgi.input': <_io.BufferedReader name=1300>,
             'wsgi.errors': <_io.TextIOWrapper name='<stderr>' mode='w' encoding='utf-8'>,
             'wsgi.multithread': True,
             'wsgi.multiprocess': False,
             'wsgi.run_once': False,
             'werkzeug.socket': <socket.socket fd=1300, family=AddressFamily.AF_INET, type=SocketKind.SOCK_STREAM, proto=0, laddr=('127.0.0.1', 5001), raddr=('127.0.0.1', 53652)>,
             'SERVER_SOFTWARE': 'Werkzeug/2.2.1',
             'SCRIPT_NAME': '',
             'QUERY_STRING': '',
             'REQUEST_URI': '/_debug_toolbar/static/img/tick-red.png',
             'RAW_URI': '/_debug_toolbar/static/img/tick-red.png',
             'SERVER_PROTOCOL': 'HTTP/1.1',
             'HTTP_HOST': '127.0.0.1:5001',
             'HTTP_CONNECTION': 'keep-alive',
             'HTTP_SEC_CH_UA': '".Not/A)Brand";v="99", "Google '
                               'Chrome";v="103", "Chromium";v="103"',
             'HTTP_IF_MODIFIED_SINCE': 'Wed, 03 Aug 2022 02:07:01 GMT',
             'HTTP_SEC_CH_UA_MOBILE': '?0',
             'HTTP_USER_AGENT': 'Mozilla/5.0 (Windows NT 10.0; Win64; x64) '
                                'AppleWebKit/537.36 (KHTML, like Gecko) '
                                'Chrome/103.0.0.0 Safari/537.36',
             'HTTP_SEC_CH_UA_PLATFORM': '"Windows"',
             'HTTP_ACCEPT': 'image/avif,image/webp,image/apng,image/svg+xml,image/*,*/*;q=0.8',
             'HTTP_SEC_FETCH_SITE': 'same-origin',
             'HTTP_SEC_FETCH_MODE': 'no-cors',
             'HTTP_SEC_FETCH_DEST': 'image',
             'HTTP_REFERER': 'http://127.0.0.1:5001/_debug_toolbar/static/css/toolbar.css?0.5985985091651733',
             'HTTP_ACCEPT_ENCODING': 'gzip, deflate, br',
             'HTTP_ACCEPT_LANGUAGE': 'en-US,en;q=0.9,zh-SG;q=0.8,zh;q=0.7',
             'HTTP_COOKIE': 'csrftoken=ld2QmoaCsSEIQerzRbZDs4zmlJnVDKWtLJAnt3AfMSx3PsiQnte5iay6hTJY0kv7; '
                            'session=eyJfZnJlc2giOmZhbHNlLCJjc3JmX3Rva2VuIjoiYmZkOGU3MTZkZGJjNjBkNzIwZTMwZTBkNWE5MzQ3YmY4MWZkMDZlNyJ9.YuyFoA.QkLub2bYjg7Vt5t2pmuT-joNzOQ'},
 'Response': {'status': '304 NOT MODIFIED',
              'headers': [('Content-Disposition',
                           'inline; filename=tick-red.png'),
                          ('Cache-Control', 'no-cache, max-age=0'),
                          ('Expires', 'Fri, 05 Aug 2022 03:16:19 GMT'),
                          ('Date', 'Fri, 05 Aug 2022 03:16:19 GMT')]}}
